2026-02-28 12:19:54,393 [INFO] ============================================================
2026-02-28 12:19:54,394 [INFO] FEATURE EXTRACTION PIPELINE (RED ALL-CANDIDATES)
2026-02-28 12:19:54,394 [INFO] All 107,875 candidates -- no BOTH_BANDS filter
2026-02-28 12:19:54,394 [INFO] ============================================================
2026-02-28 12:19:54,631 [INFO] Loaded VASCO v4: 107,875 candidates
2026-02-28 12:19:54,632 [INFO] BOTH_BANDS filter: DISABLED -- retaining all 107,875 candidates
2026-02-28 12:19:55,496 [INFO] Computing positional features...
2026-02-28 12:19:55,595 [INFO] Computing plate-level features...
2026-02-28 12:19:55,638 [INFO] Classification distribution (unchanged from catalog):
2026-02-28 12:19:55,642 [INFO]   EXCELLENT: 14
2026-02-28 12:19:55,647 [INFO]   GOOD: 42
2026-02-28 12:19:55,651 [INFO]   MARGINAL: 0
2026-02-28 12:19:55,656 [INFO]   UNCERTAIN: 107,662
2026-02-28 12:19:55,661 [INFO]   POOR: 157
2026-02-28 12:19:58,333 [INFO] FITS cutout directory found: 215750 files
2026-02-28 12:19:58,880 [INFO] Red FITS file index: 107875 unique positions
2026-02-28 14:12:14,149 [INFO] Red FITS KD-tree matched: 107875 candidates
2026-02-28 14:12:14,614 [INFO] Red FITS features extracted for 107,849 candidates
2026-02-28 14:12:14,614 [INFO] Median-imputed (no FITS): 26 candidates
2026-02-28 14:12:14,615 [INFO] Saving feature cache to C:\Users\Brian Doherty\OneDrive\Documentos\python\patentInfo\results/ml_pipeline_red_allcandidates/feature_cache.parquet
2026-02-28 14:12:15,125 [INFO] Feature cache: 107,875 rows, 43 columns
2026-02-28 14:12:15,125 [INFO] Feature extraction complete
