2026-03-24 20:44:54,095 [INFO] ======================================================================
2026-03-24 20:44:54,096 [INFO] VASCO ML PIPELINE (RED ALL-CANDIDATES) -- MASTER RUNNER
2026-03-24 20:44:54,096 [INFO] Date: 2026-03-24 20:44:54
2026-03-24 20:44:54,096 [INFO] Config: config_red_allcandidates.yaml
2026-03-24 20:44:54,096 [INFO] Output: C:\Users\Brian Doherty\OneDrive\Documentos\python\patentInfo\results/ml_pipeline_red_allcandidates
2026-03-24 20:44:54,097 [INFO] ======================================================================
2026-03-24 20:44:54,097 [INFO] Stages: train -> score -> validate
2026-03-24 20:44:54,097 [INFO] Skipping extraction (using existing cache)
2026-03-24 20:44:54,098 [INFO] 
======================================================================
2026-03-24 20:44:54,098 [INFO] STAGE 2: MODEL TRAINING (RED ALL-CANDIDATES)
2026-03-24 20:44:54,098 [INFO] ======================================================================
2026-03-24 20:45:10,936 [INFO] Training completed in 16.8s
2026-03-24 20:45:10,936 [INFO]   AUC: 0.861
2026-03-24 20:45:10,936 [INFO] 
======================================================================
2026-03-24 20:45:10,936 [INFO] STAGE 3: SCORING (RED ALL-CANDIDATES)
2026-03-24 20:45:10,936 [INFO] ======================================================================
2026-03-24 20:48:35,240 [INFO] Scoring completed in 204.3s
2026-03-24 20:48:35,241 [INFO] 
======================================================================
2026-03-24 20:48:35,241 [INFO] STAGE 4: NUCLEAR VALIDATION (RED ALL-CANDIDATES)
2026-03-24 20:48:35,241 [INFO] ======================================================================
2026-03-24 20:48:37,167 [INFO] Validation completed in 1.9s
2026-03-24 20:48:37,167 [INFO] 
======================================================================
2026-03-24 20:48:37,168 [INFO] PIPELINE SUMMARY (RED ALL-CANDIDATES)
2026-03-24 20:48:37,168 [INFO] ======================================================================
2026-03-24 20:48:37,168 [INFO]   [SKIP] extract        : SKIPPED
2026-03-24 20:48:37,168 [INFO]   [OK] train          : OK (AUC=0.861)
2026-03-24 20:48:37,169 [INFO]   [OK] score          : OK
2026-03-24 20:48:37,169 [INFO]   [OK] validate       : OK (mono=100.0%)
2026-03-24 20:48:37,169 [INFO] 
  Total time: 223.1s
2026-03-24 20:48:37,169 [INFO] 
  All stages completed successfully
