2026-03-24 20:45:10,948 [INFO] ============================================================
2026-03-24 20:45:10,949 [INFO] SCORING PIPELINE (RED ALL-CANDIDATES)
2026-03-24 20:45:10,950 [INFO] Date: 2026-03-24 20:45:10
2026-03-24 20:45:10,951 [INFO] ============================================================
2026-03-24 20:45:11,125 [INFO] Feature cache: 107,875 rows, 43 columns
2026-03-24 20:45:11,336 [INFO] Model loaded: 23 features
2026-03-24 20:45:11,337 [INFO]   Dropped by prevalence/selection filter: ['in_red_only', 'in_blue_only', 'plate_quality_POOR', 'plate_quality_NO_PLATE', 'diff_CONFIRMED_TRANSIENT', 'diff_SIGNIFICANT_DIFF', 'diff_NO_DIFF', 'diff_OUT_OF_BOUNDS', 'diff_NOT_CHECKED', 'psf_EXCELLENT', 'psf_GOOD', 'psf_NORMAL', 'psf_UNKNOWN']
2026-03-24 20:45:11,352 [INFO] Calibrator loaded
2026-03-24 20:45:11,352 [INFO] Computing plate-level features...
2026-03-24 20:45:11,449 [INFO] Encoding features...
2026-03-24 20:45:11,698 [INFO] Feature matrix: 107,875 x 23
2026-03-24 20:45:11,699 [INFO] Scoring all candidates...
2026-03-24 20:45:12,674 [INFO]   Imputation shrinkage (alpha=0.70): 26 candidates, mean 0.5152 -> 0.4005 (actual median: 0.3514)
2026-03-24 20:45:12,675 [INFO] Applying calibration...
2026-03-24 20:45:12,699 [INFO]   Raw unique values: 9,132, Calibrated: 3,483 (resolution ratio: 38.14%, top-3 coverage: 59.3%)
2026-03-24 20:45:12,700 [WARNING] Calibration collapsed distribution: top 3 values cover 59.3%. Using raw probabilities to preserve discrimination.
2026-03-24 20:45:12,702 [INFO] Using raw ensemble probabilities as primary scores.
2026-03-24 20:45:12,733 [INFO] Threshold: 0.314
2026-03-24 20:45:12,734 [INFO] 
  Probability by classification:
2026-03-24 20:45:12,771 [INFO]     EXCELLENT      : n=     14  mean=0.4375  median=0.1748
2026-03-24 20:45:12,791 [INFO]     GOOD           : n=     42  mean=0.3933  median=0.3236
2026-03-24 20:45:12,808 [INFO]     POOR           : n=    157  mean=0.1169  median=0.0688
2026-03-24 20:45:12,818 [INFO]     UNCERTAIN      : n=107,662  mean=0.3951  median=0.3520
2026-03-24 20:45:12,818 [INFO] 
  Probability by imputation source:
2026-03-24 20:45:12,831 [INFO]     actual         : n=107,849  mean=0.3947  median=0.3514
2026-03-24 20:45:12,846 [INFO]     median_imputed : n=     26  mean=0.4005  median=0.4260
2026-03-24 20:45:12,851 [INFO] 
  Bimodality coefficient: 0.5955 (bimodal)
2026-03-24 20:45:12,851 [INFO] 
Computing per-candidate SHAP top-3 features...
2026-03-24 20:48:30,213 [INFO] Generating scoring charts...
2026-03-24 20:48:31,011 [INFO] Chart saved: C:\Users\Brian Doherty\OneDrive\Documentos\python\patentInfo\results/ml_pipeline_red_allcandidates\chart_scoring.png
2026-03-24 20:48:34,873 [INFO] Scored catalog saved: C:\Users\Brian Doherty\OneDrive\Documentos\python\patentInfo\results/ml_pipeline_red_allcandidates\scored_catalog.csv (44 columns)
2026-03-24 20:48:35,226 [INFO] 
  Summary:
2026-03-24 20:48:35,227 [INFO]     Above threshold (predicted real): 59,066 (54.8%)
2026-03-24 20:48:35,227 [INFO]     Below threshold (predicted artifact): 48,809 (45.2%)
2026-03-24 20:48:35,228 [INFO]     Mean probability: 0.3947
2026-03-24 20:48:35,230 [INFO]     Median probability: 0.3515
2026-03-24 20:48:35,230 [INFO] 
Scoring complete
